<?xml version="1.0" encoding="UTF-8"?>
<!-- Generated by org.testng.reporters.JUnitXMLReporter -->
<testsuite ignored="0" hostname="Mac.lan" failures="1" tests="1" name="Smoke Tests" time="0.014" errors="0" timestamp="2026-01-21T16:34:57 IST">
  <testcase classname="com.yash.automationFramework.tests.LoginTest" name="validLoginTest" time="0.003">
    <failure type="java.lang.IllegalStateException" message="Driver is null. Did you initialize it?">
      <![CDATA[java.lang.IllegalStateException: Driver is null. Did you initialize it?
at com.yash.automationFramework.base.BasePage.<init>(BasePage.java:17)
at com.yash.automationFramework.pages.LoginPage.<init>(LoginPage.java:26)
at com.yash.automationFramework.tests.LoginTest.validLoginTest(LoginTest.java:11)
at java.base/java.util.ArrayList.forEach(ArrayList.java:1511)
... Removed 27 stack frames]]>
    </failure>
  </testcase> <!-- validLoginTest -->
</testsuite> <!-- Smoke Tests -->
