<?xml version="1.0" encoding="UTF-8"?>
<testng-results ignored="0" total="4" passed="4" failed="0" skipped="0">
  <reporter-output>
  </reporter-output>
  <suite started-at="2026-01-22T14:21:08 IST" name="Default suite" finished-at="2026-01-22T14:21:58 IST" duration-ms="49284">
    <groups>
    </groups>
    <test started-at="2026-01-22T14:21:08 IST" name="Default test" finished-at="2026-01-22T14:21:58 IST" duration-ms="49284">
      <class name="com.yash.automationFramework.tests.PimTest">
        <test-method is-config="true" signature="globalSetUp()[pri:0, instance:com.yash.automationFramework.tests.PimTest@479d31f3]" started-at="2026-01-22T14:20:55 IST" name="globalSetUp" finished-at="2026-01-22T14:21:08 IST" duration-ms="13415" status="PASS">
          <reporter-output>
          </reporter-output>
        </test-method> <!-- globalSetUp -->
        <test-method is-config="true" signature="loginOnce()[pri:0, instance:com.yash.automationFramework.tests.PimTest@479d31f3]" started-at="2026-01-22T14:21:08 IST" name="loginOnce" finished-at="2026-01-22T14:21:25 IST" duration-ms="16587" status="PASS">
          <reporter-output>
          </reporter-output>
        </test-method> <!-- loginOnce -->
        <test-method signature="verifyAddEmployeeButton()[pri:0, instance:com.yash.automationFramework.tests.PimTest@479d31f3]" started-at="2026-01-22T14:21:25 IST" name="verifyAddEmployeeButton" finished-at="2026-01-22T14:21:40 IST" duration-ms="14956" status="PASS">
          <reporter-output>
          </reporter-output>
        </test-method> <!-- verifyAddEmployeeButton -->
        <test-method signature="verifyPimPageLoads()[pri:0, instance:com.yash.automationFramework.tests.PimTest@479d31f3]" started-at="2026-01-22T14:21:40 IST" name="verifyPimPageLoads" finished-at="2026-01-22T14:21:46 IST" duration-ms="6041" status="PASS">
          <reporter-output>
          </reporter-output>
        </test-method> <!-- verifyPimPageLoads -->
        <test-method signature="verifyResetFunctionality()[pri:0, instance:com.yash.automationFramework.tests.PimTest@479d31f3]" started-at="2026-01-22T14:21:46 IST" name="verifyResetFunctionality" finished-at="2026-01-22T14:21:52 IST" duration-ms="5731" status="PASS">
          <reporter-output>
          </reporter-output>
        </test-method> <!-- verifyResetFunctionality -->
        <test-method signature="verifySearchByEmployeeName()[pri:0, instance:com.yash.automationFramework.tests.PimTest@479d31f3]" started-at="2026-01-22T14:21:52 IST" name="verifySearchByEmployeeName" finished-at="2026-01-22T14:21:58 IST" duration-ms="5957" status="PASS">
          <reporter-output>
          </reporter-output>
        </test-method> <!-- verifySearchByEmployeeName -->
        <test-method is-config="true" signature="globalTearDown()[pri:0, instance:com.yash.automationFramework.tests.PimTest@479d31f3]" started-at="2026-01-22T14:21:58 IST" name="globalTearDown" finished-at="2026-01-22T14:21:58 IST" duration-ms="88" status="PASS">
          <reporter-output>
          </reporter-output>
        </test-method> <!-- globalTearDown -->
      </class> <!-- com.yash.automationFramework.tests.PimTest -->
    </test> <!-- Default test -->
  </suite> <!-- Default suite -->
</testng-results>
