<?xml version="1.0" encoding="UTF-8"?>
<testng-results ignored="0" total="1" passed="1" failed="0" skipped="0">
  <reporter-output>
  </reporter-output>
  <suite started-at="2026-01-13T16:33:15 IST" name="OrangeHRM Suite" finished-at="2026-01-13T16:34:12 IST" duration-ms="57022">
    <groups>
    </groups>
    <test started-at="2026-01-13T16:33:15 IST" name="Smoke Suite" finished-at="2026-01-13T16:34:12 IST" duration-ms="57022">
      <class name="com.yash.automationFramework.tests.SmokeTest">
        <test-method is-config="true" signature="setUp()[pri:0, instance:com.yash.automationFramework.tests.SmokeTest@1a245833]" started-at="2026-01-13T16:33:15 IST" name="setUp" finished-at="2026-01-13T16:33:30 IST" duration-ms="14918" status="PASS">
          <reporter-output>
          </reporter-output>
        </test-method> <!-- setUp -->
        <test-method signature="verifyAllMainModulesAccessible()[pri:0, instance:com.yash.automationFramework.tests.SmokeTest@1a245833]" started-at="2026-01-13T16:33:30 IST" name="verifyAllMainModulesAccessible" finished-at="2026-01-13T16:34:12 IST" duration-ms="41959" status="PASS">
          <reporter-output>
          </reporter-output>
        </test-method> <!-- verifyAllMainModulesAccessible -->
        <test-method is-config="true" signature="tearDown()[pri:0, instance:com.yash.automationFramework.tests.SmokeTest@1a245833]" started-at="2026-01-13T16:34:12 IST" name="tearDown" finished-at="2026-01-13T16:34:12 IST" duration-ms="110" status="PASS">
          <reporter-output>
          </reporter-output>
        </test-method> <!-- tearDown -->
      </class> <!-- com.yash.automationFramework.tests.SmokeTest -->
    </test> <!-- Smoke Suite -->
  </suite> <!-- OrangeHRM Suite -->
</testng-results>
