<?xml version="1.0" encoding="UTF-8"?>
<!-- Generated by org.testng.reporters.JUnitReportReporter -->
<testsuite hostname="Mac.lan" failures="0" tests="4" name="com.yash.automationFramework.tests.AdminTest" time="64.946" errors="0" timestamp="2026-01-22T14:20:37 IST" skipped="0">
  <testcase classname="com.yash.automationFramework.tests.AdminTest" name="verifyAddButtonPresence" time="22.925"/>
  <testcase classname="com.yash.automationFramework.tests.AdminTest" name="verifyResetFunctionality" time="11.626"/>
  <testcase classname="com.yash.automationFramework.tests.AdminTest" name="verifyAdminPageLoads" time="7.309"/>
  <testcase classname="com.yash.automationFramework.tests.AdminTest" name="verifySearchByUsername" time="23.086"/>
</testsuite> <!-- com.yash.automationFramework.tests.AdminTest -->
