<?xml version="1.0" encoding="UTF-8"?>
<!-- Generated by org.testng.reporters.JUnitReportReporter -->
<testsuite hostname="Mac.lan" failures="0" tests="4" name="com.yash.automationFramework.tests.PimTest" time="32.685" errors="0" timestamp="2026-01-22T14:21:58 IST" skipped="0">
  <testcase classname="com.yash.automationFramework.tests.PimTest" name="verifySearchByEmployeeName" time="5.957"/>
  <testcase classname="com.yash.automationFramework.tests.PimTest" name="verifyAddEmployeeButton" time="14.956"/>
  <testcase classname="com.yash.automationFramework.tests.PimTest" name="verifyPimPageLoads" time="6.041"/>
  <testcase classname="com.yash.automationFramework.tests.PimTest" name="verifyResetFunctionality" time="5.731"/>
</testsuite> <!-- com.yash.automationFramework.tests.PimTest -->
